DrawNotification/app/build/outputs/logs/manifest-merger-debug-report.txt
-- Merging decision tree log ---
manifest
ADDED from AndroidManifest.xml:2:1
	package
		ADDED from AndroidManifest.xml:3:7
		INJECTED from AndroidManifest.xml:0:0
		INJECTED from AndroidManifest.xml:0:0
	android:versionName
		ADDED from AndroidManifest.xml:5:7
	android:versionCode
		ADDED from AndroidManifest.xml:4:7
		INJECTED from AndroidManifest.xml:0:0
		INJECTED from AndroidManifest.xml:0:0
	xmlns:android
		ADDED from AndroidManifest.xml:2:11
uses-sdk
ADDED from AndroidManifest.xml:6:5
	android:targetSdkVersion
		INJECTED from AndroidManifest.xml:0:0
		INJECTED from AndroidManifest.xml:0:0
	android:minSdkVersion
		ADDED from AndroidManifest.xml:6:15
		INJECTED from AndroidManifest.xml:0:0
		INJECTED from AndroidManifest.xml:0:0
uses-permission#android.permission.VIBRATE
ADDED from AndroidManifest.xml:7:5
	android:name
		ADDED from AndroidManifest.xml:7:22
uses-permission#android.permission.RECEIVE_BOOT_COMPLETED
ADDED from AndroidManifest.xml:8:2
	android:name
		ADDED from AndroidManifest.xml:8:19
uses-permission#android.permission.WAKE_LOCK
ADDED from AndroidManifest.xml:9:2
	android:name
		ADDED from AndroidManifest.xml:9:19
uses-permission#android.permission.WRITE_EXTERNAL_STORAGE
ADDED from AndroidManifest.xml:10:2
	android:name
		ADDED from AndroidManifest.xml:10:19
application
ADDED from AndroidManifest.xml:12:5
	android:label
		ADDED from AndroidManifest.xml:12:48
	android:icon
		ADDED from AndroidManifest.xml:12:18
activity#com.notedraw.bos.app.MainNote
ADDED from AndroidManifest.xml:13:9
	android:screenOrientation
		ADDED from AndroidManifest.xml:13:77
	android:label
		ADDED from AndroidManifest.xml:13:19
	android:name
		ADDED from AndroidManifest.xml:13:52
intent-filter#android.intent.action.MAIN+android.intent.category.LAUNCHER
ADDED from AndroidManifest.xml:14:13
action#android.intent.action.MAIN
ADDED from AndroidManifest.xml:15:17
	android:name
		ADDED from AndroidManifest.xml:15:25
category#android.intent.category.LAUNCHER
ADDED from AndroidManifest.xml:16:17
	android:name
		ADDED from AndroidManifest.xml:16:27
activity#com.notedraw.bos.app.FingerPaint
ADDED from AndroidManifest.xml:19:9
	android:screenOrientation
		ADDED from AndroidManifest.xml:19:47
	android:name
		ADDED from AndroidManifest.xml:19:19
receiver#com.notedraw.bos.app.OnBootReceiver1
ADDED from AndroidManifest.xml:20:4
	android:name
		ADDED from AndroidManifest.xml:20:14
intent-filter#android.intent.action.BOOT_COMPLETED
ADDED from AndroidManifest.xml:21:4
action#android.intent.action.BOOT_COMPLETED
ADDED from AndroidManifest.xml:22:5
	android:name
		ADDED from AndroidManifest.xml:22:13
receiver#com.notedraw.bos.app.AlarmReceiver
ADDED from AndroidManifest.xml:25:3
	android:name
		ADDED from AndroidManifest.xml:25:13
activity#com.notedraw.bos.app.ShowNote
ADDED from AndroidManifest.xml:26:3
	android:label
		ADDED from AndroidManifest.xml:26:38
	android:name
		ADDED from AndroidManifest.xml:26:13